choice made -3- of (2,3) - bad
choice made -1- of (0,1) - bad
choice made -1- of (1,3) - good
choice made -0- of (0,3) - good
choice made -2- of (0,2) - bad
choice made -1- of (1,2) - good
choice made -0- of (0,2) - good
choice made -1- of (1,3) - good
choice made -3- of (2,3) - bad
choice made -1- of (1,2) - good
choice made -1- of (0,1) - bad
choice made -3- of (0,3) - bad
choice made -0- of (0,2) - good
choice made -0- of (0,3) - good
choice made -3- of (2,3) - bad
choice made -1- of (1,2) - good
choice made -0- of (0,1) - good
choice made -1- of (1,3) - good
choice made -1- of (1,3) - good
choice made -0- of (0,2) - good
choice made -0- of (0,3) - good
choice made -0- of (0,1) - good
choice made -1- of (1,2) - good
choice made -0- of (0,3) - good
choice made -1- of (1,3) - good
choice made -0- of (0,1) - good
choice made -0- of (0,2) - good
choice made -2- of (2,3) - good
choice made -1- of (1,2) - good
choice made -0- of (0,2) - good
choice made -1- of (1,3) - good
choice made -3- of (2,3) - bad
choice made -1- of (1,2) - good
choice made -0- of (0,1) - good
choice made -0- of (0,3) - good
choice made -0- of (0,1) - good
choice made -0- of (0,2) - good
choice made -3- of (2,3) - bad
choice made -0- of (0,3) - good
choice made -1- of (1,2) - good
choice made -1- of (1,3) - good
choice made -0- of (0,2) - good
choice made -1- of (1,3) - good
choice made -0- of (0,3) - good
choice made -3- of (2,3) - bad
choice made -0- of (0,1) - good
choice made -1- of (1,2) - good
choice made -0- of (0,2) - good
choice made -0- of (0,3) - good
choice made -1- of (1,3) - good
choice made -1- of (1,2) - good
choice made -2- of (2,3) - good
choice made -0- of (0,1) - good
choice made -1- of (1,3) - good
choice made -2- of (2,3) - good
choice made -0- of (0,1) - good
choice made -0- of (0,2) - good
choice made -1- of (1,2) - good
choice made -0- of (0,3) - good
choice made -0- of (0,1) - good
choice made -0- of (0,3) - good
choice made -1- of (1,2) - good
choice made -1- of (1,3) - good
choice made -3- of (2,3) - bad
choice made -0- of (0,2) - good
choice made -0- of (0,2) - good
choice made -1- of (1,3) - good
choice made -3- of (2,3) - bad
choice made -0- of (0,3) - good
choice made -1- of (1,2) - good
choice made -0- of (0,1) - good
choice made -0- of (0,2) - good
choice made -1- of (1,3) - good
choice made -2- of (2,3) - good
choice made -0- of (0,3) - good
choice made -0- of (0,1) - good
choice made -1- of (1,2) - good
choice made -0- of (0,1) - good
choice made -0- of (0,2) - good
choice made -1- of (1,2) - good
choice made -1- of (1,3) - good
choice made -2- of (2,3) - good
choice made -0- of (0,3) - good
choice made -0- of (0,1) - good
choice made -1- of (1,2) - good
choice made -1- of (1,3) - good
choice made -0- of (0,2) - good
choice made -2- of (2,3) - good
choice made -0- of (0,3) - good
choice made -0- of (0,3) - good
choice made -1- of (1,3) - good
choice made -0- of (0,1) - good
choice made -1- of (1,2) - good
choice made -3- of (2,3) - bad
choice made -0- of (0,2) - good
choice made -1- of (1,2) - good
choice made -0- of (0,1) - good
choice made -0- of (0,3) - good
choice made -1- of (1,3) - good
choice made -0- of (0,2) - good
choice made -2- of (2,3) - good
choice made -3- of (2,3) - bad
choice made -1- of (1,3) - good
choice made -0- of (0,2) - good
choice made -1- of (1,2) - good
choice made -0- of (0,1) - good
choice made -0- of (0,3) - good
choice made -1- of (1,3) - good
choice made -0- of (0,2) - good
choice made -0- of (0,3) - good
choice made -0- of (0,1) - good
choice made -1- of (1,2) - good
choice made -2- of (2,3) - good
choice made -1- of (1,3) - good
choice made -0- of (0,1) - good
choice made -2- of (2,3) - good
choice made -0- of (0,2) - good
choice made -1- of (1,2) - good
choice made -0- of (0,3) - good
1272 secs for the session with 120 trials
Mean performance 0.882353
Mean performance last 19 trials 0.947
Mean reward 0.882353
[[ 0.57125675  0.5717231   0.56783562 ...,  0.          0.          0.        ]
 [ 0.          0.          0.         ...,  0.          0.          0.        ]
 [ 0.          0.          0.         ...,  0.          0.          0.        ]
 ..., 
 [ 0.          0.          0.         ...,  0.          0.          0.        ]
 [ 0.          0.          0.         ...,  0.          0.          0.        ]
 [ 0.          0.          0.         ...,  0.50033502  0.50159861
   0.49884038]]
