choice made -2- of (0,2) - bad
choice made -1- of (1,2) - good
choice made -0- of (0,1) - good
choice made -3- of (2,3) - bad
choice made -1- of (1,3) - good
choice made -3- of (0,3) - bad
choice made -0- of (0,1) - good
choice made -1- of (1,2) - good
choice made -2- of (2,3) - good
choice made -3- of (1,3) - bad
choice made -2- of (0,2) - bad
choice made -1- of (1,3) - good
choice made -1- of (0,1) - bad
choice made -2- of (0,2) - bad
choice made -2- of (2,3) - good
choice made -3- of (0,3) - bad
choice made -1- of (1,2) - good
choice made -3- of (0,3) - bad
choice made -1- of (0,1) - bad
choice made -2- of (0,2) - bad
choice made -1- of (1,3) - good
choice made -2- of (2,3) - good
choice made -3- of (0,3) - bad
choice made -2- of (2,3) - good
choice made -1- of (1,3) - good
choice made -1- of (1,2) - good
choice made -1- of (0,1) - bad
choice made -2- of (0,2) - bad
choice made -3- of (2,3) - bad
choice made -1- of (0,1) - bad
choice made -1- of (1,2) - good
choice made -1- of (1,3) - good
choice made -2- of (0,2) - bad
choice made -3- of (0,3) - bad
choice made -3- of (0,3) - bad
choice made -0- of (0,2) - good
choice made -1- of (1,2) - good
choice made -2- of (2,3) - good
choice made -0- of (0,1) - good
choice made -1- of (1,3) - good
choice made -1- of (0,1) - bad
choice made -3- of (2,3) - bad
choice made -1- of (1,3) - good
choice made -0- of (0,2) - good
choice made -0- of (0,3) - good
choice made -1- of (1,2) - good
choice made -1- of (1,2) - good
choice made -3- of (2,3) - bad
choice made -0- of (0,1) - good
choice made -0- of (0,3) - good
choice made -1- of (1,3) - good
choice made -0- of (0,2) - good
choice made -1- of (1,2) - good
choice made -0- of (0,2) - good
choice made -0- of (0,3) - good
choice made -1- of (1,3) - good
choice made -2- of (2,3) - good
choice made -0- of (0,1) - good
choice made -1- of (1,3) - good
choice made -0- of (0,1) - good
choice made -0- of (0,2) - good
choice made -0- of (0,3) - good
choice made -1- of (1,2) - good
choice made -3- of (2,3) - bad
choice made -1- of (1,3) - good
choice made -1- of (1,2) - good
choice made -0- of (0,1) - good
choice made -3- of (2,3) - bad
choice made -0- of (0,2) - good
choice made -0- of (0,3) - good
choice made -0- of (0,1) - good
choice made -1- of (1,3) - good
choice made -0- of (0,2) - good
choice made -3- of (2,3) - bad
choice made -0- of (0,3) - good
choice made -1- of (1,2) - good
choice made -0- of (0,3) - good
choice made -1- of (1,2) - good
choice made -3- of (2,3) - bad
choice made -1- of (1,3) - good
choice made -0- of (0,1) - good
choice made -0- of (0,2) - good
choice made -1- of (1,3) - good
choice made -0- of (0,3) - good
choice made -1- of (1,2) - good
choice made -0- of (0,2) - good
choice made -0- of (0,1) - good
choice made -3- of (2,3) - bad
choice made -1- of (1,3) - good
choice made -0- of (0,2) - good
choice made -1- of (1,2) - good
choice made -0- of (0,3) - good
choice made -0- of (0,1) - good
choice made -3- of (2,3) - bad
choice made -0- of (0,3) - good
choice made -0- of (0,2) - good
choice made -1- of (1,3) - good
choice made -0- of (0,1) - good
choice made -3- of (2,3) - bad
choice made -1- of (1,2) - good
choice made -0- of (0,3) - good
choice made -3- of (2,3) - bad
choice made -1- of (1,2) - good
choice made -1- of (1,3) - good
choice made -0- of (0,1) - good
choice made -0- of (0,2) - good
choice made -0- of (0,1) - good
choice made -3- of (2,3) - bad
choice made -0- of (0,3) - good
choice made -1- of (1,3) - good
choice made -1- of (1,2) - good
choice made -0- of (0,2) - good
choice made -3- of (2,3) - bad
choice made -1- of (1,2) - good
choice made -0- of (0,3) - good
choice made -0- of (0,1) - good
choice made -0- of (0,2) - good
choice made -1- of (1,3) - good
2840 secs for the session
Mean performance 0.728814
Mean performance last 19 trials 0.842
Mean reward 0.728814
[[ 0.53903425  0.54447315  0.54193868 ...,  0.          0.          0.        ]
 [ 0.          0.          0.         ...,  0.          0.          0.        ]
 [ 0.          0.          0.         ...,  0.          0.          0.        ]
 ..., 
 [ 0.          0.          0.         ...,  0.          0.          0.        ]
 [ 0.          0.          0.         ...,  0.          0.          0.        ]
 [ 0.          0.          0.         ...,  0.49855427  0.49947831
   0.49845019]]
