[[ 0.4962123   0.49720453  0.50032182 ...,  0.          0.          0.        ]
 [ 0.          0.          0.         ...,  0.          0.          0.        ]
 [ 0.          0.          0.         ...,  0.          0.          0.        ]
 ..., 
 [ 0.          0.          0.         ...,  0.          0.          0.        ]
 [ 0.          0.          0.         ...,  0.          0.          0.        ]
 [ 0.          0.          0.         ...,  0.50351343  0.49655008
   0.49544806]]
Running trial - 0
choice made -2- of (0,2) - bad
Running trial - 1
choice made -1- of (1,3) - good
Running trial - 2
choice made -0- of (0,3) - good
Running trial - 3
choice made -0- of (0,1) - good
Running trial - 4
choice made -2- of (1,2) - bad
Running trial - 5
choice made -3- of (2,3) - bad
Running trial - 6
choice made -2- of (2,3) - good
Running trial - 7
choice made -2- of (1,2) - bad
Running trial - 8
choice made -0- of (0,1) - good
Running trial - 9
choice made -0- of (0,3) - good
Running trial - 10
choice made -0- of (0,2) - good
Running trial - 11
choice made -1- of (1,3) - good
Running trial - 12
choice made -0- of (0,1) - good
Running trial - 13
choice made -2- of (2,3) - good
Running trial - 14
choice made -0- of (0,3) - good
Running trial - 15
choice made -3- of (1,3) - bad
Running trial - 16
choice made -0- of (0,2) - good
Running trial - 17
choice made -1- of (1,2) - good
Running trial - 18
choice made -0- of (0,1) - good
Running trial - 19
choice made -0- of (0,3) - good
Running trial - 20
choice made -1- of (1,3) - good
Running trial - 21
choice made -3- of (2,3) - bad
Running trial - 22
choice made -0- of (0,2) - good
Running trial - 23
choice made -2- of (1,2) - bad
Running trial - 24
choice made -0- of (0,3) - good
Running trial - 25
choice made -0- of (0,2) - good
Running trial - 26
choice made -2- of (1,2) - bad
Running trial - 27
choice made -2- of (2,3) - good
Running trial - 28
choice made -0- of (0,1) - good
Running trial - 29
choice made -3- of (1,3) - bad
Running trial - 30
choice made -0- of (0,3) - good
Running trial - 31
choice made -1- of (1,3) - good
Running trial - 32
choice made -0- of (0,1) - good
Running trial - 33
choice made -0- of (0,2) - good
Running trial - 34
choice made -3- of (2,3) - bad
Running trial - 35
choice made -1- of (1,2) - good
Running trial - 36
choice made -3- of (2,3) - bad
Running trial - 37
choice made -0- of (0,2) - good
Running trial - 38
choice made -1- of (1,2) - good
Running trial - 39
choice made -0- of (0,3) - good
Running trial - 40
choice made -0- of (0,1) - good
Running trial - 41
choice made -1- of (1,3) - good
Running trial - 42
choice made -0- of (0,3) - good
Running trial - 43
choice made -1- of (1,3) - good
Running trial - 44
choice made -2- of (2,3) - good
Running trial - 45
choice made -2- of (1,2) - bad
Running trial - 46
choice made -0- of (0,1) - good
Running trial - 47
choice made -0- of (0,2) - good
Running trial - 48
choice made -0- of (0,1) - good
Running trial - 49
choice made -0- of (0,3) - good
Running trial - 50
choice made -0- of (0,2) - good
Running trial - 51
choice made -3- of (2,3) - bad
Running trial - 52
choice made -1- of (1,2) - good
Running trial - 53
choice made -1- of (1,3) - good
Running trial - 54
choice made -1- of (1,2) - good
Running trial - 55
choice made -0- of (0,1) - good
Running trial - 56
choice made -0- of (0,2) - good
Running trial - 57
choice made -3- of (2,3) - bad
Running trial - 58
choice made -0- of (0,3) - good
Running trial - 59
choice made -1- of (1,3) - good
Running trial - 60
choice made -0- of (0,2) - good
Running trial - 61
choice made -0- of (0,3) - good
Running trial - 62
choice made -1- of (1,3) - good
Running trial - 63
choice made -3- of (2,3) - bad
Running trial - 64
choice made -0- of (0,1) - good
Running trial - 65
choice made -1- of (1,2) - good
Running trial - 66
choice made -0- of (0,2) - good
Running trial - 67
choice made -0- of (0,1) - good
Running trial - 68
choice made -0- of (0,3) - good
Running trial - 69
choice made -2- of (2,3) - good
Running trial - 70
choice made -1- of (1,2) - good
Running trial - 71
choice made -1- of (1,3) - good
Running trial - 72
choice made -0- of (0,2) - good
Running trial - 73
choice made -3- of (1,3) - bad
Running trial - 74
choice made -0- of (0,3) - good
Running trial - 75
choice made -1- of (1,2) - good
Running trial - 76
choice made -2- of (2,3) - good
Running trial - 77
choice made -0- of (0,1) - good
Running trial - 78
choice made -0- of (0,3) - good
Running trial - 79
choice made -0- of (0,1) - good
Running trial - 80
choice made -1- of (1,2) - good
Running trial - 81
choice made -0- of (0,2) - good
Running trial - 82
choice made -3- of (2,3) - bad
Running trial - 83
choice made -1- of (1,3) - good
Running trial - 84
choice made -0- of (0,2) - good
Running trial - 85
choice made -0- of (0,3) - good
Running trial - 86
choice made -3- of (1,3) - bad
Running trial - 87
choice made -2- of (2,3) - good
Running trial - 88
choice made -0- of (0,1) - good
Running trial - 89
choice made -1- of (1,2) - good
Running trial - 90
choice made -0- of (0,3) - good
Running trial - 91
choice made -2- of (2,3) - good
Running trial - 92
choice made -1- of (1,2) - good
Running trial - 93
choice made -0- of (0,2) - good
Running trial - 94
choice made -1- of (1,3) - good
Running trial - 95
choice made -0- of (0,1) - good
Running trial - 96
choice made -0- of (0,1) - good
Running trial - 97
choice made -0- of (0,3) - good
Running trial - 98
choice made -3- of (1,3) - bad
Running trial - 99
choice made -3- of (2,3) - bad
Running trial - 100
choice made -0- of (0,2) - good
Running trial - 101
choice made -1- of (1,2) - good
Running trial - 102
choice made -0- of (0,3) - good
Running trial - 103
choice made -0- of (0,1) - good
Running trial - 104
choice made -1- of (1,3) - good
Running trial - 105
choice made -1- of (1,2) - good
Running trial - 106
choice made -3- of (2,3) - bad
Running trial - 107
choice made -0- of (0,2) - good
Running trial - 108
choice made -0- of (0,3) - good
Running trial - 109
choice made -0- of (0,2) - good
Running trial - 110
choice made -1- of (1,3) - good
Running trial - 111
choice made -2- of (2,3) - good
Running trial - 112
choice made -1- of (1,2) - good
Running trial - 113
choice made -0- of (0,1) - good
Running trial - 114
choice made -0- of (0,2) - good
Running trial - 115
choice made -2- of (1,2) - bad
Running trial - 116
choice made -0- of (0,1) - good
Running trial - 117
choice made -0- of (0,3) - good
Running trial - 118
choice made -3- of (1,3) - bad
Running trial - 119
choice made -2- of (2,3) - good
2566 secs for the session
Mean performance 0.808333
Mean performance last 20 trials 0.850
Mean reward 0.808333
[[ 0.5515183   0.55247037  0.55545061 ...,  0.          0.          0.        ]
 [ 0.          0.          0.         ...,  0.          0.          0.        ]
 [ 0.          0.          0.         ...,  0.          0.          0.        ]
 ..., 
 [ 0.          0.          0.         ...,  0.          0.          0.        ]
 [ 0.          0.          0.         ...,  0.          0.          0.        ]
 [ 0.          0.          0.         ...,  0.50337887  0.49641552
   0.49531353]]
