[[ 0.49629389  0.49800054  0.50251503 ...,  0.          0.          0.        ]
 [ 0.          0.          0.         ...,  0.          0.          0.        ]
 [ 0.          0.          0.         ...,  0.          0.          0.        ]
 ..., 
 [ 0.          0.          0.         ...,  0.          0.          0.        ]
 [ 0.          0.          0.         ...,  0.          0.          0.        ]
 [ 0.          0.          0.         ...,  0.50008113  0.49857076
   0.50266771]]
Running trial - 0
iterating 0
iterating 1
iterating 2
iterating 3
iterating 4
iterating 5
iterating 6
iterating 7
iterating 8
iterating 9
iterating 10
iterating 11
iterating 12
iterating 13
iterating 14
iterating 15
iterating 16
iterating 17
iterating 18
iterating 19
iterating 20
iterating 21
iterating 22
iterating 23
iterating 24
iterating 25
iterating 26
iterating 27
iterating 28
iterating 29
iterating 30
iterating 31
iterating 32
iterating 33
iterating 34
iterating 35
iterating 36
iterating 37
iterating 38
iterating 39
iterating 40
iterating 41
iterating 42
iterating 43
iterating 44
iterating 45
iterating 46
iterating 47
iterating 48
iterating 49
iterating 50
iterating 51
iterating 52
iterating 53
iterating 54
iterating 55
iterating 56
iterating 57
iterating 58
iterating 59
iterating 60
iterating 61
iterating 62
iterating 63
iterating 64
iterating 65
iterating 66
iterating 67
iterating 68
iterating 69
iterating 70
iterating 71
iterating 72
iterating 73
iterating 74
iterating 75
iterating 76
iterating 77
iterating 78
iterating 79
iterating 80
iterating 81
iterating 82
iterating 83
iterating 84
iterating 85
iterating 86
iterating 87
iterating 88
iterating 89
iterating 90
iterating 91
iterating 92
iterating 93
iterating 94
iterating 95
iterating 96
iterating 97
iterating 98
iterating 99
iterating 100
iterating 101
iterating 102
iterating 103
iterating 104
iterating 105
iterating 106
iterating 107
iterating 108
iterating 109
iterating 110
iterating 111
iterating 112
iterating 113
iterating 114
iterating 115
iterating 116
iterating 117
iterating 118
iterating 119
iterating 120
iterating 121
iterating 122
iterating 123
iterating 124
iterating 125
iterating 126
iterating 127
iterating 128
iterating 129
iterating 130
iterating 131
iterating 132
iterating 133
iterating 134
iterating 135
iterating 136
iterating 137
iterating 138
iterating 139
iterating 140
iterating 141
iterating 142
iterating 143
iterating 144
iterating 145
iterating 146
iterating 147
iterating 148
iterating 149
iterating 150
iterating 151
iterating 152
iterating 153
iterating 154
iterating 155
iterating 156
iterating 157
iterating 158
iterating 159
iterating 160
iterating 161
iterating 162
iterating 163
iterating 164
iterating 165
iterating 166
iterating 167
iterating 168
iterating 169
iterating 170
iterating 171
iterating 172
iterating 173
iterating 174
iterating 175
iterating 176
iterating 177
iterating 178
iterating 179
iterating 180
iterating 181
iterating 182
iterating 183
iterating 184
iterating 185
iterating 186
iterating 187
iterating 188
iterating 189
iterating 190
iterating 191
iterating 192
iterating 193
iterating 194
iterating 195
iterating 196
iterating 197
iterating 198
iterating 199
iterating 200
iterating 201
iterating 202
iterating 203
iterating 204
iterating 205
iterating 206
iterating 207
iterating 208
iterating 209
iterating 210
iterating 211
iterating 212
iterating 213
iterating 214
iterating 215
iterating 216
iterating 217
iterating 218
iterating 219
iterating 220
iterating 221
iterating 222
iterating 223
iterating 224
iterating 225
iterating 226
iterating 227
iterating 228
iterating 229
iterating 230
iterating 231
iterating 232
iterating 233
iterating 234
iterating 235
iterating 236
iterating 237
iterating 238
iterating 239
iterating 240
iterating 241
iterating 242
iterating 243
iterating 244
iterating 245
iterating 246
iterating 247
iterating 248
iterating 249
iterating 250
iterating 251
iterating 252
iterating 253
iterating 254
iterating 255
iterating 256
iterating 257
iterating 258
iterating 259
iterating 260
iterating 261
iterating 262
iterating 263
iterating 264
iterating 265
iterating 266
iterating 267
iterating 268
iterating 269
iterating 270
iterating 271
iterating 272
iterating 273
iterating 274
iterating 275
iterating 276
iterating 277
iterating 278
iterating 279
iterating 280
iterating 281
iterating 282
iterating 283
iterating 284
iterating 285
iterating 286
iterating 287
iterating 288
iterating 289
iterating 290
iterating 291
iterating 292
iterating 293
iterating 294
iterating 295
iterating 296
iterating 297
iterating 298
iterating 299
iterating 300
iterating 301
iterating 302
iterating 303
iterating 304
iterating 305
iterating 306
iterating 307
iterating 308
iterating 309
iterating 310
iterating 311
iterating 312
iterating 313
iterating 314
iterating 315
iterating 316
iterating 317
iterating 318
iterating 319
iterating 320
iterating 321
iterating 322
iterating 323
iterating 324
iterating 325
iterating 326
iterating 327
iterating 328
iterating 329
iterating 330
iterating 331
iterating 332
iterating 333
iterating 334
iterating 335
iterating 336
iterating 337
iterating 338
iterating 339
iterating 340
iterating 341
iterating 342
iterating 343
iterating 344
iterating 345
iterating 346
iterating 347
iterating 348
iterating 349
iterating 350
iterating 351
iterating 352
iterating 353
iterating 354
iterating 355
iterating 356
iterating 357
iterating 358
iterating 359
iterating 360
iterating 361
iterating 362
iterating 363
iterating 364
iterating 365
iterating 366
iterating 367
iterating 368
iterating 369
iterating 370
iterating 371
iterating 372
iterating 373
iterating 374
iterating 375
iterating 376
iterating 377
iterating 378
iterating 379
iterating 380
iterating 381
iterating 382
iterating 383
iterating 384
iterating 385
iterating 386
iterating 387
iterating 388
iterating 389
iterating 390
iterating 391
iterating 392
iterating 393
iterating 394
iterating 395
iterating 396
iterating 397
iterating 398
iterating 399
iterating 400
iterating 401
iterating 402
iterating 403
iterating 404
iterating 405
iterating 406
iterating 407
iterating 408
iterating 409
iterating 410
iterating 411
iterating 412
iterating 413
iterating 414
iterating 415
iterating 416
iterating 417
iterating 418
iterating 419
iterating 420
iterating 421
iterating 422
iterating 423
iterating 424
iterating 425
iterating 426
iterating 427
iterating 428
iterating 429
iterating 430
iterating 431
iterating 432
iterating 433
iterating 434
iterating 435
iterating 436
iterating 437
iterating 438
iterating 439
iterating 440
iterating 441
iterating 442
iterating 443
iterating 444
iterating 445
iterating 446
iterating 447
iterating 448
iterating 449
iterating 450
iterating 451
iterating 452
iterating 453
iterating 454
iterating 455
iterating 456
iterating 457
iterating 458
iterating 459
iterating 460
iterating 461
iterating 462
iterating 463
iterating 464
iterating 465
iterating 466
iterating 467
iterating 468
iterating 469
iterating 470
iterating 471
iterating 472
iterating 473
iterating 474
iterating 475
iterating 476
iterating 477
iterating 478
iterating 479
iterating 480
iterating 481
iterating 482
iterating 483
iterating 484
iterating 485
iterating 486
iterating 487
iterating 488
iterating 489
iterating 490
iterating 491
iterating 492
iterating 493
iterating 494
iterating 495
iterating 496
iterating 497
iterating 498
iterating 499
